CRITICAL - 2023-11-27 20:11:34 --> The route for "home.insert" cannot be found.
in SYSTEMPATH/Helpers/url_helper.php on line 489.
 1 SYSTEMPATH/Helpers/url_helper.php(489): CodeIgniter\Router\Exceptions\RouterException::forInvalidRoute('home.insert')
 2 APPPATH/Views/home.php(35): url_to('home.insert')
 3 SYSTEMPATH/View/View.php(228): include('/var/www/clients/client2/web2/web/sistema/adsgrupo01/UniReport/app/Views/home.php')
 4 SYSTEMPATH/View/View.php(231): CodeIgniter\View\View->CodeIgniter\View\{closure}()
 5 SYSTEMPATH/Common.php(1190): CodeIgniter\View\View->render('home', [], true)
 6 APPPATH/Controllers/HomeController.php(17): view('home')
 7 SYSTEMPATH/CodeIgniter.php(942): App\Controllers\HomeController->index()
 8 SYSTEMPATH/CodeIgniter.php(502): CodeIgniter\CodeIgniter->runController(Object(App\Controllers\HomeController))
 9 SYSTEMPATH/CodeIgniter.php(361): CodeIgniter\CodeIgniter->handleRequest(null, Object(Config\Cache), false)
10 FCPATH/index.php(79): CodeIgniter\CodeIgniter->run()
CRITICAL - 2023-11-27 20:11:59 --> The route for "home.insert" cannot be found.
in SYSTEMPATH/Helpers/url_helper.php on line 489.
 1 SYSTEMPATH/Helpers/url_helper.php(489): CodeIgniter\Router\Exceptions\RouterException::forInvalidRoute('home.insert')
 2 APPPATH/Views/home.php(35): url_to('home.insert')
 3 SYSTEMPATH/View/View.php(228): include('/var/www/clients/client2/web2/web/sistema/adsgrupo01/UniReport/app/Views/home.php')
 4 SYSTEMPATH/View/View.php(231): CodeIgniter\View\View->CodeIgniter\View\{closure}()
 5 SYSTEMPATH/Common.php(1190): CodeIgniter\View\View->render('home', [], true)
 6 APPPATH/Controllers/HomeController.php(17): view('home')
 7 SYSTEMPATH/CodeIgniter.php(942): App\Controllers\HomeController->index()
 8 SYSTEMPATH/CodeIgniter.php(502): CodeIgniter\CodeIgniter->runController(Object(App\Controllers\HomeController))
 9 SYSTEMPATH/CodeIgniter.php(361): CodeIgniter\CodeIgniter->handleRequest(null, Object(Config\Cache), false)
10 FCPATH/index.php(79): CodeIgniter\CodeIgniter->run()
CRITICAL - 2023-11-27 20:20:44 --> syntax error, unexpected '$insert' (T_VARIABLE)
in APPPATH/Controllers/HomeController.php on line 42.
 1 SYSTEMPATH/Autoloader/Autoloader.php(291): CodeIgniter\Autoloader\Autoloader->includeFile('/var/www/clients/client2/web2/web/sistema/adsgrupo01/UniReport/app/Controllers/HomeController.php')
 2 SYSTEMPATH/Autoloader/Autoloader.php(269): CodeIgniter\Autoloader\Autoloader->loadInNamespace('App\\Controllers\\HomeController')
 3 [internal function]: CodeIgniter\Autoloader\Autoloader->loadClass('App\\Controllers\\HomeController')
 4 [internal function]: spl_autoload_call('App\\Controllers\\HomeController')
 5 SYSTEMPATH/CodeIgniter.php(900): class_exists('\\App\\Controllers\\HomeController', true)
 6 SYSTEMPATH/CodeIgniter.php(489): CodeIgniter\CodeIgniter->startController()
 7 SYSTEMPATH/CodeIgniter.php(361): CodeIgniter\CodeIgniter->handleRequest(null, Object(Config\Cache), false)
 8 FCPATH/index.php(79): CodeIgniter\CodeIgniter->run()
CRITICAL - 2023-11-27 20:21:21 --> syntax error, unexpected '$insert' (T_VARIABLE)
in APPPATH/Controllers/HomeController.php on line 42.
 1 SYSTEMPATH/Autoloader/Autoloader.php(291): CodeIgniter\Autoloader\Autoloader->includeFile('/var/www/clients/client2/web2/web/sistema/adsgrupo01/UniReport/app/Controllers/HomeController.php')
 2 SYSTEMPATH/Autoloader/Autoloader.php(269): CodeIgniter\Autoloader\Autoloader->loadInNamespace('App\\Controllers\\HomeController')
 3 [internal function]: CodeIgniter\Autoloader\Autoloader->loadClass('App\\Controllers\\HomeController')
 4 [internal function]: spl_autoload_call('App\\Controllers\\HomeController')
 5 SYSTEMPATH/CodeIgniter.php(900): class_exists('\\App\\Controllers\\HomeController', true)
 6 SYSTEMPATH/CodeIgniter.php(489): CodeIgniter\CodeIgniter->startController()
 7 SYSTEMPATH/CodeIgniter.php(361): CodeIgniter\CodeIgniter->handleRequest(null, Object(Config\Cache), false)
 8 FCPATH/index.php(79): CodeIgniter\CodeIgniter->run()
