CRITICAL - 2023-11-16 02:51:15 --> Undefined variable $baseURL
in APPPATH\Views\index.php on line 14.
 1 APPPATH\Views\index.php(14): CodeIgniter\Debug\Exceptions->errorHandler(2, 'Undefined variable $baseURL', 'C:\\laragon\\www\\codeigniter\\app\\Views\\index.php', 14)
 2 SYSTEMPATH\View\View.php(228): include('C:\\laragon\\www\\codeigniter\\app\\Views\\index.php')
 3 SYSTEMPATH\View\View.php(231): CodeIgniter\View\View->CodeIgniter\View\{closure}()
 4 SYSTEMPATH\Common.php(1190): CodeIgniter\View\View->render('index', [], true)
 5 APPPATH\Controllers\Home.php(9): view('index')
 6 SYSTEMPATH\CodeIgniter.php(942): App\Controllers\Home->index()
 7 SYSTEMPATH\CodeIgniter.php(502): CodeIgniter\CodeIgniter->runController(Object(App\Controllers\Home))
 8 SYSTEMPATH\CodeIgniter.php(361): CodeIgniter\CodeIgniter->handleRequest(null, Object(Config\Cache), false)
 9 FCPATH\index.php(79): CodeIgniter\CodeIgniter->run()
10 SYSTEMPATH\Commands\Server\rewrite.php(47): require_once('C:\\laragon\\www\\codeigniter\\public\\index.php')
CRITICAL - 2023-11-16 02:51:18 --> Undefined variable $baseURL
in APPPATH\Views\index.php on line 14.
 1 APPPATH\Views\index.php(14): CodeIgniter\Debug\Exceptions->errorHandler(2, 'Undefined variable $baseURL', 'C:\\laragon\\www\\codeigniter\\app\\Views\\index.php', 14)
 2 SYSTEMPATH\View\View.php(228): include('C:\\laragon\\www\\codeigniter\\app\\Views\\index.php')
 3 SYSTEMPATH\View\View.php(231): CodeIgniter\View\View->CodeIgniter\View\{closure}()
 4 SYSTEMPATH\Common.php(1190): CodeIgniter\View\View->render('index', [], true)
 5 APPPATH\Controllers\Home.php(9): view('index')
 6 SYSTEMPATH\CodeIgniter.php(942): App\Controllers\Home->index()
 7 SYSTEMPATH\CodeIgniter.php(502): CodeIgniter\CodeIgniter->runController(Object(App\Controllers\Home))
 8 SYSTEMPATH\CodeIgniter.php(361): CodeIgniter\CodeIgniter->handleRequest(null, Object(Config\Cache), false)
 9 FCPATH\index.php(79): CodeIgniter\CodeIgniter->run()
10 SYSTEMPATH\Commands\Server\rewrite.php(47): require_once('C:\\laragon\\www\\codeigniter\\public\\index.php')
CRITICAL - 2023-11-16 02:51:18 --> Undefined variable $baseURL
in APPPATH\Views\index.php on line 14.
 1 APPPATH\Views\index.php(14): CodeIgniter\Debug\Exceptions->errorHandler(2, 'Undefined variable $baseURL', 'C:\\laragon\\www\\codeigniter\\app\\Views\\index.php', 14)
 2 SYSTEMPATH\View\View.php(228): include('C:\\laragon\\www\\codeigniter\\app\\Views\\index.php')
 3 SYSTEMPATH\View\View.php(231): CodeIgniter\View\View->CodeIgniter\View\{closure}()
 4 SYSTEMPATH\Common.php(1190): CodeIgniter\View\View->render('index', [], true)
 5 APPPATH\Controllers\Home.php(9): view('index')
 6 SYSTEMPATH\CodeIgniter.php(942): App\Controllers\Home->index()
 7 SYSTEMPATH\CodeIgniter.php(502): CodeIgniter\CodeIgniter->runController(Object(App\Controllers\Home))
 8 SYSTEMPATH\CodeIgniter.php(361): CodeIgniter\CodeIgniter->handleRequest(null, Object(Config\Cache), false)
 9 FCPATH\index.php(79): CodeIgniter\CodeIgniter->run()
10 SYSTEMPATH\Commands\Server\rewrite.php(47): require_once('C:\\laragon\\www\\codeigniter\\public\\index.php')
CRITICAL - 2023-11-16 02:51:18 --> Undefined variable $baseURL
in APPPATH\Views\index.php on line 14.
 1 APPPATH\Views\index.php(14): CodeIgniter\Debug\Exceptions->errorHandler(2, 'Undefined variable $baseURL', 'C:\\laragon\\www\\codeigniter\\app\\Views\\index.php', 14)
 2 SYSTEMPATH\View\View.php(228): include('C:\\laragon\\www\\codeigniter\\app\\Views\\index.php')
 3 SYSTEMPATH\View\View.php(231): CodeIgniter\View\View->CodeIgniter\View\{closure}()
 4 SYSTEMPATH\Common.php(1190): CodeIgniter\View\View->render('index', [], true)
 5 APPPATH\Controllers\Home.php(9): view('index')
 6 SYSTEMPATH\CodeIgniter.php(942): App\Controllers\Home->index()
 7 SYSTEMPATH\CodeIgniter.php(502): CodeIgniter\CodeIgniter->runController(Object(App\Controllers\Home))
 8 SYSTEMPATH\CodeIgniter.php(361): CodeIgniter\CodeIgniter->handleRequest(null, Object(Config\Cache), false)
 9 FCPATH\index.php(79): CodeIgniter\CodeIgniter->run()
10 SYSTEMPATH\Commands\Server\rewrite.php(47): require_once('C:\\laragon\\www\\codeigniter\\public\\index.php')
CRITICAL - 2023-11-16 02:51:27 --> Undefined variable $baseURL
in APPPATH\Views\index.php on line 14.
 1 APPPATH\Views\index.php(14): CodeIgniter\Debug\Exceptions->errorHandler(2, 'Undefined variable $baseURL', 'C:\\laragon\\www\\codeigniter\\app\\Views\\index.php', 14)
 2 SYSTEMPATH\View\View.php(228): include('C:\\laragon\\www\\codeigniter\\app\\Views\\index.php')
 3 SYSTEMPATH\View\View.php(231): CodeIgniter\View\View->CodeIgniter\View\{closure}()
 4 SYSTEMPATH\Common.php(1190): CodeIgniter\View\View->render('index.php', [], true)
 5 APPPATH\Controllers\Home.php(9): view('index.php')
 6 SYSTEMPATH\CodeIgniter.php(942): App\Controllers\Home->index()
 7 SYSTEMPATH\CodeIgniter.php(502): CodeIgniter\CodeIgniter->runController(Object(App\Controllers\Home))
 8 SYSTEMPATH\CodeIgniter.php(361): CodeIgniter\CodeIgniter->handleRequest(null, Object(Config\Cache), false)
 9 FCPATH\index.php(79): CodeIgniter\CodeIgniter->run()
10 SYSTEMPATH\Commands\Server\rewrite.php(47): require_once('C:\\laragon\\www\\codeigniter\\public\\index.php')
CRITICAL - 2023-11-16 02:52:05 --> Undefined variable $baseURL
in APPPATH\Views\home.php on line 14.
 1 APPPATH\Views\home.php(14): CodeIgniter\Debug\Exceptions->errorHandler(2, 'Undefined variable $baseURL', 'C:\\laragon\\www\\codeigniter\\app\\Views\\home.php', 14)
 2 SYSTEMPATH\View\View.php(228): include('C:\\laragon\\www\\codeigniter\\app\\Views\\home.php')
 3 SYSTEMPATH\View\View.php(231): CodeIgniter\View\View->CodeIgniter\View\{closure}()
 4 SYSTEMPATH\Common.php(1190): CodeIgniter\View\View->render('home', [], true)
 5 APPPATH\Controllers\Home.php(9): view('home')
 6 SYSTEMPATH\CodeIgniter.php(942): App\Controllers\Home->index()
 7 SYSTEMPATH\CodeIgniter.php(502): CodeIgniter\CodeIgniter->runController(Object(App\Controllers\Home))
 8 SYSTEMPATH\CodeIgniter.php(361): CodeIgniter\CodeIgniter->handleRequest(null, Object(Config\Cache), false)
 9 FCPATH\index.php(79): CodeIgniter\CodeIgniter->run()
10 SYSTEMPATH\Commands\Server\rewrite.php(47): require_once('C:\\laragon\\www\\codeigniter\\public\\index.php')
CRITICAL - 2023-11-16 02:58:39 --> Invalid file: "home.php"
in SYSTEMPATH\Exceptions\FrameworkException.php on line 39.
 1 SYSTEMPATH\View\View.php(216): CodeIgniter\Exceptions\FrameworkException::forInvalidFile('home.php')
 2 SYSTEMPATH\Common.php(1190): CodeIgniter\View\View->render('home', [], true)
 3 APPPATH\Controllers\Home.php(9): view('home')
 4 SYSTEMPATH\CodeIgniter.php(942): App\Controllers\Home->index()
 5 SYSTEMPATH\CodeIgniter.php(502): CodeIgniter\CodeIgniter->runController(Object(App\Controllers\Home))
 6 SYSTEMPATH\CodeIgniter.php(361): CodeIgniter\CodeIgniter->handleRequest(null, Object(Config\Cache), false)
 7 FCPATH\index.php(79): CodeIgniter\CodeIgniter->run()
 8 SYSTEMPATH\Commands\Server\rewrite.php(47): require_once('C:\\laragon\\www\\codeigniter\\public\\index.php')
CRITICAL - 2023-11-16 02:59:07 --> Undefined variable $baseURL
in APPPATH\Views\home.php on line 14.
 1 APPPATH\Views\home.php(14): CodeIgniter\Debug\Exceptions->errorHandler(2, 'Undefined variable $baseURL', 'C:\\laragon\\www\\codeigniter\\app\\Views\\home.php', 14)
 2 SYSTEMPATH\View\View.php(228): include('C:\\laragon\\www\\codeigniter\\app\\Views\\home.php')
 3 SYSTEMPATH\View\View.php(231): CodeIgniter\View\View->CodeIgniter\View\{closure}()
 4 SYSTEMPATH\Common.php(1190): CodeIgniter\View\View->render('home', [], true)
 5 APPPATH\Controllers\Home.php(9): view('home')
 6 SYSTEMPATH\CodeIgniter.php(942): App\Controllers\Home->index()
 7 SYSTEMPATH\CodeIgniter.php(502): CodeIgniter\CodeIgniter->runController(Object(App\Controllers\Home))
 8 SYSTEMPATH\CodeIgniter.php(361): CodeIgniter\CodeIgniter->handleRequest(null, Object(Config\Cache), false)
 9 FCPATH\index.php(79): CodeIgniter\CodeIgniter->run()
10 SYSTEMPATH\Commands\Server\rewrite.php(47): require_once('C:\\laragon\\www\\codeigniter\\public\\index.php')
CRITICAL - 2023-11-16 02:59:26 --> Undefined variable $baseURL
in APPPATH\Views\home.php on line 14.
 1 APPPATH\Views\home.php(14): CodeIgniter\Debug\Exceptions->errorHandler(2, 'Undefined variable $baseURL', 'C:\\laragon\\www\\codeigniter\\app\\Views\\home.php', 14)
 2 SYSTEMPATH\View\View.php(228): include('C:\\laragon\\www\\codeigniter\\app\\Views\\home.php')
 3 SYSTEMPATH\View\View.php(231): CodeIgniter\View\View->CodeIgniter\View\{closure}()
 4 SYSTEMPATH\Common.php(1190): CodeIgniter\View\View->render('home', [], true)
 5 APPPATH\Controllers\Home.php(9): view('home')
 6 SYSTEMPATH\CodeIgniter.php(942): App\Controllers\Home->index()
 7 SYSTEMPATH\CodeIgniter.php(502): CodeIgniter\CodeIgniter->runController(Object(App\Controllers\Home))
 8 SYSTEMPATH\CodeIgniter.php(361): CodeIgniter\CodeIgniter->handleRequest(null, Object(Config\Cache), false)
 9 FCPATH\index.php(79): CodeIgniter\CodeIgniter->run()
10 SYSTEMPATH\Commands\Server\rewrite.php(47): require_once('C:\\laragon\\www\\codeigniter\\public\\index.php')
CRITICAL - 2023-11-16 03:06:09 --> Invalid file: "insert.php"
in SYSTEMPATH\Exceptions\FrameworkException.php on line 39.
 1 SYSTEMPATH\View\View.php(216): CodeIgniter\Exceptions\FrameworkException::forInvalidFile('insert.php')
 2 SYSTEMPATH\Common.php(1190): CodeIgniter\View\View->render('insert', [], true)
 3 APPPATH\Controllers\Insert.php(11): view('insert')
 4 SYSTEMPATH\CodeIgniter.php(942): App\Controllers\Insert->index()
 5 SYSTEMPATH\CodeIgniter.php(502): CodeIgniter\CodeIgniter->runController(Object(App\Controllers\Insert))
 6 SYSTEMPATH\CodeIgniter.php(361): CodeIgniter\CodeIgniter->handleRequest(null, Object(Config\Cache), false)
 7 FCPATH\index.php(79): CodeIgniter\CodeIgniter->run()
 8 SYSTEMPATH\Commands\Server\rewrite.php(47): require_once('C:\\laragon\\www\\codeigniter\\public\\index.php')
CRITICAL - 2023-11-16 03:06:10 --> Invalid file: "insert.php"
in SYSTEMPATH\Exceptions\FrameworkException.php on line 39.
 1 SYSTEMPATH\View\View.php(216): CodeIgniter\Exceptions\FrameworkException::forInvalidFile('insert.php')
 2 SYSTEMPATH\Common.php(1190): CodeIgniter\View\View->render('insert', [], true)
 3 APPPATH\Controllers\Insert.php(11): view('insert')
 4 SYSTEMPATH\CodeIgniter.php(942): App\Controllers\Insert->index()
 5 SYSTEMPATH\CodeIgniter.php(502): CodeIgniter\CodeIgniter->runController(Object(App\Controllers\Insert))
 6 SYSTEMPATH\CodeIgniter.php(361): CodeIgniter\CodeIgniter->handleRequest(null, Object(Config\Cache), false)
 7 FCPATH\index.php(79): CodeIgniter\CodeIgniter->run()
 8 SYSTEMPATH\Commands\Server\rewrite.php(47): require_once('C:\\laragon\\www\\codeigniter\\public\\index.php')
CRITICAL - 2023-11-16 03:24:21 --> Undefined variable $data
in APPPATH\Views\common\header.php on line 7.
 1 APPPATH\Views\common\header.php(7): CodeIgniter\Debug\Exceptions->errorHandler(2, 'Undefined variable $data', 'C:\\laragon\\www\\codeigniter\\app\\Views\\common\\header.php', 7)
 2 SYSTEMPATH\View\View.php(228): include('C:\\laragon\\www\\codeigniter\\app\\Views\\common\\header.php')
 3 SYSTEMPATH\View\View.php(231): CodeIgniter\View\View->CodeIgniter\View\{closure}()
 4 SYSTEMPATH\Common.php(1190): CodeIgniter\View\View->render('common/header', [], true)
 5 APPPATH\Controllers\Home.php(15): view('common/header', [...])
 6 SYSTEMPATH\CodeIgniter.php(942): App\Controllers\Home->index()
 7 SYSTEMPATH\CodeIgniter.php(502): CodeIgniter\CodeIgniter->runController(Object(App\Controllers\Home))
 8 SYSTEMPATH\CodeIgniter.php(361): CodeIgniter\CodeIgniter->handleRequest(null, Object(Config\Cache), false)
 9 FCPATH\index.php(79): CodeIgniter\CodeIgniter->run()
10 SYSTEMPATH\Commands\Server\rewrite.php(47): require_once('C:\\laragon\\www\\codeigniter\\public\\index.php')
CRITICAL - 2023-11-16 03:44:03 --> The route for "home" cannot be found.
in SYSTEMPATH\Helpers\url_helper.php on line 489.
 1 SYSTEMPATH\Helpers\url_helper.php(489): CodeIgniter\Router\Exceptions\RouterException::forInvalidRoute('home')
 2 APPPATH\Views\common\header.php(17): url_to('home')
 3 SYSTEMPATH\View\View.php(228): include('C:\\laragon\\www\\codeigniter\\app\\Views\\common\\header.php')
 4 SYSTEMPATH\View\View.php(231): CodeIgniter\View\View->CodeIgniter\View\{closure}()
 5 SYSTEMPATH\Common.php(1190): CodeIgniter\View\View->render('common/header', [], true)
 6 APPPATH\Controllers\Home.php(15): view('common/header', [...])
 7 SYSTEMPATH\CodeIgniter.php(942): App\Controllers\Home->index()
 8 SYSTEMPATH\CodeIgniter.php(502): CodeIgniter\CodeIgniter->runController(Object(App\Controllers\Home))
 9 SYSTEMPATH\CodeIgniter.php(361): CodeIgniter\CodeIgniter->handleRequest(null, Object(Config\Cache), false)
10 FCPATH\index.php(79): CodeIgniter\CodeIgniter->run()
11 SYSTEMPATH\Commands\Server\rewrite.php(47): require_once('C:\\laragon\\www\\codeigniter\\public\\index.php')
ERROR - 2023-11-16 03:57:20 --> mysqli_sql_exception: You have an error in your SQL syntax; check the manual that corresponds to your MySQL server version for the right syntax to use near 'slect * from relatorio_erros' at line 1 in C:\laragon\www\codeigniter\system\Database\MySQLi\Connection.php:306
Stack trace:
#0 C:\laragon\www\codeigniter\system\Database\MySQLi\Connection.php(306): mysqli->query('slect * from re...', 0)
#1 C:\laragon\www\codeigniter\system\Database\BaseConnection.php(693): CodeIgniter\Database\MySQLi\Connection->execute('slect * from re...')
#2 C:\laragon\www\codeigniter\system\Database\BaseConnection.php(607): CodeIgniter\Database\BaseConnection->simpleQuery('slect * from re...')
#3 C:\laragon\www\codeigniter\app\Controllers\Home.php(13): CodeIgniter\Database\BaseConnection->query('slect * from re...')
#4 C:\laragon\www\codeigniter\system\CodeIgniter.php(942): App\Controllers\Home->index()
#5 C:\laragon\www\codeigniter\system\CodeIgniter.php(502): CodeIgniter\CodeIgniter->runController(Object(App\Controllers\Home))
#6 C:\laragon\www\codeigniter\system\CodeIgniter.php(361): CodeIgniter\CodeIgniter->handleRequest(NULL, Object(Config\Cache), false)
#7 C:\laragon\www\codeigniter\public\index.php(79): CodeIgniter\CodeIgniter->run()
#8 C:\laragon\www\codeigniter\system\Commands\Server\rewrite.php(47): require_once('C:\\laragon\\www\\...')
#9 {main}
CRITICAL - 2023-11-16 03:57:20 --> You have an error in your SQL syntax; check the manual that corresponds to your MySQL server version for the right syntax to use near 'slect * from relatorio_erros' at line 1
in SYSTEMPATH\Database\BaseConnection.php on line 647.
 1 APPPATH\Controllers\Home.php(13): CodeIgniter\Database\BaseConnection->query('slect * from relatorio_erros')
 2 SYSTEMPATH\CodeIgniter.php(942): App\Controllers\Home->index()
 3 SYSTEMPATH\CodeIgniter.php(502): CodeIgniter\CodeIgniter->runController(Object(App\Controllers\Home))
 4 SYSTEMPATH\CodeIgniter.php(361): CodeIgniter\CodeIgniter->handleRequest(null, Object(Config\Cache), false)
 5 FCPATH\index.php(79): CodeIgniter\CodeIgniter->run()
 6 SYSTEMPATH\Commands\Server\rewrite.php(47): require_once('C:\\laragon\\www\\codeigniter\\public\\index.php')
ERROR - 2023-11-16 03:58:18 --> Error connecting to the database: mysqli_sql_exception: Access denied for user ''@'localhost' (using password: NO) in C:\laragon\www\codeigniter\system\Database\MySQLi\Connection.php:185
Stack trace:
#0 C:\laragon\www\codeigniter\system\Database\MySQLi\Connection.php(185): mysqli->real_connect('localhost', '', '', '', 3306, '', 0)
#1 C:\laragon\www\codeigniter\system\Database\BaseConnection.php(392): CodeIgniter\Database\MySQLi\Connection->connect(false)
#2 C:\laragon\www\codeigniter\system\Database\BaseConnection.php(575): CodeIgniter\Database\BaseConnection->initialize()
#3 C:\laragon\www\codeigniter\app\Controllers\Home.php(13): CodeIgniter\Database\BaseConnection->query('select * from r...')
#4 C:\laragon\www\codeigniter\system\CodeIgniter.php(942): App\Controllers\Home->index()
#5 C:\laragon\www\codeigniter\system\CodeIgniter.php(502): CodeIgniter\CodeIgniter->runController(Object(App\Controllers\Home))
#6 C:\laragon\www\codeigniter\system\CodeIgniter.php(361): CodeIgniter\CodeIgniter->handleRequest(NULL, Object(Config\Cache), false)
#7 C:\laragon\www\codeigniter\public\index.php(79): CodeIgniter\CodeIgniter->run()
#8 C:\laragon\www\codeigniter\system\Commands\Server\rewrite.php(47): require_once('C:\\laragon\\www\\...')
#9 {main}

Next CodeIgniter\Database\Exceptions\DatabaseException: Access denied for user ''@'localhost' (using password: NO) in C:\laragon\www\codeigniter\system\Database\MySQLi\Connection.php:229
Stack trace:
#0 C:\laragon\www\codeigniter\system\Database\BaseConnection.php(392): CodeIgniter\Database\MySQLi\Connection->connect(false)
#1 C:\laragon\www\codeigniter\system\Database\BaseConnection.php(575): CodeIgniter\Database\BaseConnection->initialize()
#2 C:\laragon\www\codeigniter\app\Controllers\Home.php(13): CodeIgniter\Database\BaseConnection->query('select * from r...')
#3 C:\laragon\www\codeigniter\system\CodeIgniter.php(942): App\Controllers\Home->index()
#4 C:\laragon\www\codeigniter\system\CodeIgniter.php(502): CodeIgniter\CodeIgniter->runController(Object(App\Controllers\Home))
#5 C:\laragon\www\codeigniter\system\CodeIgniter.php(361): CodeIgniter\CodeIgniter->handleRequest(NULL, Object(Config\Cache), false)
#6 C:\laragon\www\codeigniter\public\index.php(79): CodeIgniter\CodeIgniter->run()
#7 C:\laragon\www\codeigniter\system\Commands\Server\rewrite.php(47): require_once('C:\\laragon\\www\\...')
#8 {main}
CRITICAL - 2023-11-16 03:58:18 --> Unable to connect to the database.
Main connection [MySQLi]: Access denied for user ''@'localhost' (using password: NO)
in SYSTEMPATH\Database\BaseConnection.php on line 428.
 1 SYSTEMPATH\Database\BaseConnection.php(575): CodeIgniter\Database\BaseConnection->initialize()
 2 APPPATH\Controllers\Home.php(13): CodeIgniter\Database\BaseConnection->query('select * from relatorio_erros')
 3 SYSTEMPATH\CodeIgniter.php(942): App\Controllers\Home->index()
 4 SYSTEMPATH\CodeIgniter.php(502): CodeIgniter\CodeIgniter->runController(Object(App\Controllers\Home))
 5 SYSTEMPATH\CodeIgniter.php(361): CodeIgniter\CodeIgniter->handleRequest(null, Object(Config\Cache), false)
 6 FCPATH\index.php(79): CodeIgniter\CodeIgniter->run()
 7 SYSTEMPATH\Commands\Server\rewrite.php(47): require_once('C:\\laragon\\www\\codeigniter\\public\\index.php')
CRITICAL - 2023-11-16 06:00:42 --> The route for "submit.report" cannot be found.
in SYSTEMPATH\Helpers\url_helper.php on line 489.
 1 SYSTEMPATH\Helpers\url_helper.php(489): CodeIgniter\Router\Exceptions\RouterException::forInvalidRoute('submit.report')
 2 APPPATH\Views\home.php(9): url_to('submit.report')
 3 SYSTEMPATH\View\View.php(228): include('C:\\laragon\\www\\codeigniter\\app\\Views\\home.php')
 4 SYSTEMPATH\View\View.php(231): CodeIgniter\View\View->CodeIgniter\View\{closure}()
 5 SYSTEMPATH\Common.php(1190): CodeIgniter\View\View->render('home', [], true)
 6 APPPATH\Controllers\Home.php(17): view('home')
 7 SYSTEMPATH\CodeIgniter.php(942): App\Controllers\Home->index()
 8 SYSTEMPATH\CodeIgniter.php(502): CodeIgniter\CodeIgniter->runController(Object(App\Controllers\Home))
 9 SYSTEMPATH\CodeIgniter.php(361): CodeIgniter\CodeIgniter->handleRequest(null, Object(Config\Cache), false)
10 FCPATH\index.php(79): CodeIgniter\CodeIgniter->run()
11 SYSTEMPATH\Commands\Server\rewrite.php(47): require_once('C:\\laragon\\www\\codeigniter\\public\\index.php')
CRITICAL - 2023-11-16 06:01:03 --> The route for "report" cannot be found.
in SYSTEMPATH\Helpers\url_helper.php on line 489.
 1 SYSTEMPATH\Helpers\url_helper.php(489): CodeIgniter\Router\Exceptions\RouterException::forInvalidRoute('report')
 2 APPPATH\Views\home.php(9): url_to('report')
 3 SYSTEMPATH\View\View.php(228): include('C:\\laragon\\www\\codeigniter\\app\\Views\\home.php')
 4 SYSTEMPATH\View\View.php(231): CodeIgniter\View\View->CodeIgniter\View\{closure}()
 5 SYSTEMPATH\Common.php(1190): CodeIgniter\View\View->render('home', [], true)
 6 APPPATH\Controllers\Home.php(17): view('home')
 7 SYSTEMPATH\CodeIgniter.php(942): App\Controllers\Home->index()
 8 SYSTEMPATH\CodeIgniter.php(502): CodeIgniter\CodeIgniter->runController(Object(App\Controllers\Home))
 9 SYSTEMPATH\CodeIgniter.php(361): CodeIgniter\CodeIgniter->handleRequest(null, Object(Config\Cache), false)
10 FCPATH\index.php(79): CodeIgniter\CodeIgniter->run()
11 SYSTEMPATH\Commands\Server\rewrite.php(47): require_once('C:\\laragon\\www\\codeigniter\\public\\index.php')
CRITICAL - 2023-11-16 06:01:11 --> The route for "report" cannot be found.
in SYSTEMPATH\Helpers\url_helper.php on line 489.
 1 SYSTEMPATH\Helpers\url_helper.php(489): CodeIgniter\Router\Exceptions\RouterException::forInvalidRoute('report')
 2 APPPATH\Views\home.php(9): url_to('report')
 3 SYSTEMPATH\View\View.php(228): include('C:\\laragon\\www\\codeigniter\\app\\Views\\home.php')
 4 SYSTEMPATH\View\View.php(231): CodeIgniter\View\View->CodeIgniter\View\{closure}()
 5 SYSTEMPATH\Common.php(1190): CodeIgniter\View\View->render('home', [], true)
 6 APPPATH\Controllers\Home.php(17): view('home')
 7 SYSTEMPATH\CodeIgniter.php(942): App\Controllers\Home->index()
 8 SYSTEMPATH\CodeIgniter.php(502): CodeIgniter\CodeIgniter->runController(Object(App\Controllers\Home))
 9 SYSTEMPATH\CodeIgniter.php(361): CodeIgniter\CodeIgniter->handleRequest(null, Object(Config\Cache), false)
10 FCPATH\index.php(79): CodeIgniter\CodeIgniter->run()
11 SYSTEMPATH\Commands\Server\rewrite.php(47): require_once('C:\\laragon\\www\\codeigniter\\public\\index.php')
CRITICAL - 2023-11-16 06:01:12 --> The route for "report" cannot be found.
in SYSTEMPATH\Helpers\url_helper.php on line 489.
 1 SYSTEMPATH\Helpers\url_helper.php(489): CodeIgniter\Router\Exceptions\RouterException::forInvalidRoute('report')
 2 APPPATH\Views\home.php(9): url_to('report')
 3 SYSTEMPATH\View\View.php(228): include('C:\\laragon\\www\\codeigniter\\app\\Views\\home.php')
 4 SYSTEMPATH\View\View.php(231): CodeIgniter\View\View->CodeIgniter\View\{closure}()
 5 SYSTEMPATH\Common.php(1190): CodeIgniter\View\View->render('home', [], true)
 6 APPPATH\Controllers\Home.php(17): view('home')
 7 SYSTEMPATH\CodeIgniter.php(942): App\Controllers\Home->index()
 8 SYSTEMPATH\CodeIgniter.php(502): CodeIgniter\CodeIgniter->runController(Object(App\Controllers\Home))
 9 SYSTEMPATH\CodeIgniter.php(361): CodeIgniter\CodeIgniter->handleRequest(null, Object(Config\Cache), false)
10 FCPATH\index.php(79): CodeIgniter\CodeIgniter->run()
11 SYSTEMPATH\Commands\Server\rewrite.php(47): require_once('C:\\laragon\\www\\codeigniter\\public\\index.php')
CRITICAL - 2023-11-16 03:30:01 --> Undefined variable $data
in APPPATH\Controllers\Home.php on line 35.
 1 APPPATH\Controllers\Home.php(35): CodeIgniter\Debug\Exceptions->errorHandler(2, 'Undefined variable $data', 'C:\\laragon\\www\\codeigniter\\app\\Controllers\\Home.php', 35)
 2 SYSTEMPATH\CodeIgniter.php(942): App\Controllers\Home->insert()
 3 SYSTEMPATH\CodeIgniter.php(502): CodeIgniter\CodeIgniter->runController(Object(App\Controllers\Home))
 4 SYSTEMPATH\CodeIgniter.php(361): CodeIgniter\CodeIgniter->handleRequest(null, Object(Config\Cache), false)
 5 FCPATH\index.php(79): CodeIgniter\CodeIgniter->run()
 6 SYSTEMPATH\Commands\Server\rewrite.php(47): require_once('C:\\laragon\\www\\codeigniter\\public\\index.php')
CRITICAL - 2023-11-16 03:31:44 --> The route for "home.insert" cannot be found.
in SYSTEMPATH\Helpers\url_helper.php on line 489.
 1 SYSTEMPATH\Helpers\url_helper.php(489): CodeIgniter\Router\Exceptions\RouterException::forInvalidRoute('home.insert')
 2 APPPATH\Views\home.php(9): url_to('home.insert')
 3 SYSTEMPATH\View\View.php(228): include('C:\\laragon\\www\\codeigniter\\app\\Views\\home.php')
 4 SYSTEMPATH\View\View.php(231): CodeIgniter\View\View->CodeIgniter\View\{closure}()
 5 SYSTEMPATH\Common.php(1190): CodeIgniter\View\View->render('home', [], true)
 6 APPPATH\Controllers\Home.php(36): view('home')
 7 SYSTEMPATH\CodeIgniter.php(942): App\Controllers\Home->insert()
 8 SYSTEMPATH\CodeIgniter.php(502): CodeIgniter\CodeIgniter->runController(Object(App\Controllers\Home))
 9 SYSTEMPATH\CodeIgniter.php(361): CodeIgniter\CodeIgniter->handleRequest(null, Object(Config\Cache), false)
10 FCPATH\index.php(79): CodeIgniter\CodeIgniter->run()
11 SYSTEMPATH\Commands\Server\rewrite.php(47): require_once('C:\\laragon\\www\\codeigniter\\public\\index.php')
ERROR - 2023-11-16 03:50:06 --> mysqli_sql_exception: Unknown column 'created_at' in 'field list' in C:\laragon\www\codeigniter\system\Database\MySQLi\Connection.php:306
Stack trace:
#0 C:\laragon\www\codeigniter\system\Database\MySQLi\Connection.php(306): mysqli->query('INSERT INTO `re...', 0)
#1 C:\laragon\www\codeigniter\system\Database\BaseConnection.php(693): CodeIgniter\Database\MySQLi\Connection->execute('INSERT INTO `re...')
#2 C:\laragon\www\codeigniter\system\Database\BaseConnection.php(607): CodeIgniter\Database\BaseConnection->simpleQuery('INSERT INTO `re...')
#3 C:\laragon\www\codeigniter\system\Database\BaseBuilder.php(2308): CodeIgniter\Database\BaseConnection->query('INSERT INTO `re...', Array, false)
#4 C:\laragon\www\codeigniter\system\Model.php(319): CodeIgniter\Database\BaseBuilder->insert()
#5 C:\laragon\www\codeigniter\system\BaseModel.php(788): CodeIgniter\Model->doInsert(Array)
#6 C:\laragon\www\codeigniter\system\Model.php(715): CodeIgniter\BaseModel->insert(Array, true)
#7 C:\laragon\www\codeigniter\app\Controllers\Home.php(39): CodeIgniter\Model->insert(Array)
#8 C:\laragon\www\codeigniter\system\CodeIgniter.php(942): App\Controllers\Home->insert()
#9 C:\laragon\www\codeigniter\system\CodeIgniter.php(502): CodeIgniter\CodeIgniter->runController(Object(App\Controllers\Home))
#10 C:\laragon\www\codeigniter\system\CodeIgniter.php(361): CodeIgniter\CodeIgniter->handleRequest(NULL, Object(Config\Cache), false)
#11 C:\laragon\www\codeigniter\public\index.php(79): CodeIgniter\CodeIgniter->run()
#12 C:\laragon\www\codeigniter\system\Commands\Server\rewrite.php(47): require_once('C:\\laragon\\www\\...')
#13 {main}
CRITICAL - 2023-11-16 03:50:06 --> Unknown column 'created_at' in 'field list'
in SYSTEMPATH\Database\BaseConnection.php on line 647.
 1 SYSTEMPATH\Database\BaseBuilder.php(2308): CodeIgniter\Database\BaseConnection->query('INSERT INTO `relatorio_erros` (`mensagem`, `arquivo_media`, `created_at`, `updated_at`) VALUES (:mensagem:, :arquivo_media:, :created_at:, :updated_at:)', [...], false)
 2 SYSTEMPATH\Model.php(319): CodeIgniter\Database\BaseBuilder->insert()
 3 SYSTEMPATH\BaseModel.php(788): CodeIgniter\Model->doInsert([...])
 4 SYSTEMPATH\Model.php(715): CodeIgniter\BaseModel->insert([...], true)
 5 APPPATH\Controllers\Home.php(39): CodeIgniter\Model->insert([...])
 6 SYSTEMPATH\CodeIgniter.php(942): App\Controllers\Home->insert()
 7 SYSTEMPATH\CodeIgniter.php(502): CodeIgniter\CodeIgniter->runController(Object(App\Controllers\Home))
 8 SYSTEMPATH\CodeIgniter.php(361): CodeIgniter\CodeIgniter->handleRequest(null, Object(Config\Cache), false)
 9 FCPATH\index.php(79): CodeIgniter\CodeIgniter->run()
10 SYSTEMPATH\Commands\Server\rewrite.php(47): require_once('C:\\laragon\\www\\codeigniter\\public\\index.php')
